<?xml version="1.0" encoding="UTF-8"?>
<testng-results skipped="0" failed="0" ignored="0" total="1" passed="1">
  <reporter-output>
  </reporter-output>
  <suite name="ZAP Test Suite" duration-ms="142508" started-at="2023-01-31T11:22:34Z" finished-at="2023-01-31T11:24:57Z">
    <groups>
    </groups>
    <test name="ZAP TEST" duration-ms="142508" started-at="2023-01-31T11:22:34Z" finished-at="2023-01-31T11:24:57Z">
      <class name="com.project.home.HomePageTest">
        <test-method status="PASS" signature="startAppiumServer(java.lang.String, java.lang.String)[pri:0, instance:com.project.home.HomePageTest@1734f68]" name="startAppiumServer" is-config="true" duration-ms="60" started-at="2023-01-31T11:22:34Z" finished-at="2023-01-31T11:22:34Z">
          <params>
            <param index="0">
              <value>
                <![CDATA[web]]>
              </value>
            </param>
            <param index="1">
              <value>
                <![CDATA[ZAP_PROXY]]>
              </value>
            </param>
          </params>
          <reporter-output>
          </reporter-output>
        </test-method> <!-- startAppiumServer -->
        <test-method status="PASS" signature="setupDriver(java.lang.String, java.lang.String, java.lang.String, java.lang.String, java.lang.String)[pri:0, instance:com.project.home.HomePageTest@1734f68]" name="setupDriver" is-config="true" duration-ms="2262" started-at="2023-01-31T11:22:34Z" finished-at="2023-01-31T11:22:37Z">
          <params>
            <param index="0">
              <value>
                <![CDATA[web]]>
              </value>
            </param>
            <param index="1">
              <value>
                <![CDATA[ZAP_PROXY]]>
              </value>
            </param>
            <param index="2">
              <value is-null="true"/>
            </param>
            <param index="3">
              <value is-null="true"/>
            </param>
            <param index="4">
              <value is-null="true"/>
            </param>
          </params>
          <reporter-output>
          </reporter-output>
        </test-method> <!-- setupDriver -->
        <test-method status="PASS" signature="test()[pri:0, instance:com.project.home.HomePageTest@1734f68]" name="test" duration-ms="139188" started-at="2023-01-31T11:22:37Z" finished-at="2023-01-31T11:24:56Z">
          <reporter-output>
          </reporter-output>
        </test-method> <!-- test -->
        <test-method status="PASS" signature="teardownDriver()[pri:0, instance:com.project.home.HomePageTest@1734f68]" name="teardownDriver" is-config="true" duration-ms="705" started-at="2023-01-31T11:24:56Z" finished-at="2023-01-31T11:24:57Z">
          <reporter-output>
          </reporter-output>
        </test-method> <!-- teardownDriver -->
        <test-method status="PASS" signature="stopAppiumServer(java.lang.String, java.lang.String)[pri:0, instance:com.project.home.HomePageTest@1734f68]" name="stopAppiumServer" is-config="true" duration-ms="117" started-at="2023-01-31T11:24:57Z" finished-at="2023-01-31T11:24:57Z">
          <params>
            <param index="0">
              <value>
                <![CDATA[web]]>
              </value>
            </param>
            <param index="1">
              <value>
                <![CDATA[ZAP_PROXY]]>
              </value>
            </param>
          </params>
          <reporter-output>
          </reporter-output>
        </test-method> <!-- stopAppiumServer -->
      </class> <!-- com.project.home.HomePageTest -->
    </test> <!-- ZAP TEST -->
  </suite> <!-- ZAP Test Suite -->
</testng-results>
